Arguments: 
  /Users/ityuany/.nvm/versions/node/v13.10.1/bin/node /Users/ityuany/.nvm/versions/node/v13.10.1/bin/yarn add @babel/transform-runtime -D

PATH: 
  /Users/ityuany/Library/flutter/bin:/Users/ityuany/Library/Maven/apache-maven-3.6.3/bin:/Users/ityuany/.nvm/versions/node/v13.10.1/bin:/Users/ityuany/Library/flutter/bin:/Users/ityuany/Library/Maven/apache-maven-3.6.3/bin:/usr/local/bin:/usr/bin:/bin:/usr/sbin:/sbin:/Library/Apple/usr/bin:/Users/ityuany/Library/Android/sdk/platform-tools:/Users/ityuany/.rvm/bin:/Users/ityuany/Library/Android/sdk/platform-tools:/Users/ityuany/.rvm/bin

Yarn version: 
  1.22.4

Node version: 
  13.10.1

Platform: 
  darwin x64

Trace: 
  Error: https://registry.npmjs.org/@babel%2ftransform-runtime: Not found
      at Request.params.callback [as _callback] (/Users/ityuany/.nvm/versions/node/v13.10.1/lib/node_modules/yarn/lib/cli.js:66987:18)
      at Request.self.callback (/Users/ityuany/.nvm/versions/node/v13.10.1/lib/node_modules/yarn/lib/cli.js:140748:22)
      at Request.emit (events.js:316:20)
      at Request.<anonymous> (/Users/ityuany/.nvm/versions/node/v13.10.1/lib/node_modules/yarn/lib/cli.js:141720:10)
      at Request.emit (events.js:316:20)
      at IncomingMessage.<anonymous> (/Users/ityuany/.nvm/versions/node/v13.10.1/lib/node_modules/yarn/lib/cli.js:141642:12)
      at Object.onceWrapper (events.js:422:28)
      at IncomingMessage.emit (events.js:328:22)
      at endReadableNT (_stream_readable.js:1201:12)
      at processTicksAndRejections (internal/process/task_queues.js:84:21)

npm manifest: 
  {
    "name": "demo",
    "version": "3.4.0",
    "description": "> TODO: description",
    "author": "ityuany <519495771@qq.com>",
    "homepage": "https://github.com/ityuany/dura#readme",
    "license": "ISC",
    "main": "lib/demo.js",
    "directories": {
      "lib": "lib",
      "test": "__tests__"
    },
    "files": [
      "lib"
    ],
    "publishConfig": {
      "registry": "https://registry.npm.taobao.org/"
    },
    "repository": {
      "type": "git",
      "url": "git+https://github.com/ityuany/dura.git"
    },
    "scripts": {
      "test": "echo \"Error: run tests from root\" && exit 1"
    },
    "bugs": {
      "url": "https://github.com/ityuany/dura/issues"
    },
    "devDependencies": {
      "@babel/core": "^7.10.2",
      "@babel/preset-env": "^7.10.2",
      "@babel/preset-react": "^7.10.1",
      "@babel/preset-typescript": "^7.10.1",
      "@types/react": "^16.9.41",
      "@types/react-dom": "^16.9.8",
      "@types/react-redux": "^7.1.9",
      "@types/react-router-dom": "^5.1.5",
      "@types/redux": "^3.6.0",
      "babel-loader": "^8.1.0",
      "html-webpack-plugin": "^4.3.0",
      "speed-measure-webpack-plugin": "^1.3.3",
      "typescript": "^3.9.5",
      "webpack": "^4.43.0",
      "webpack-chain": "^6.4.0",
      "webpack-cli": "^3.3.11",
      "webpack-dev-server": "^3.11.0",
      "webpackbar": "^4.0.0"
    },
    "dependencies": {
      "immer": "^7.0.5",
      "react": "^16.13.1",
      "react-dom": "^16.13.1",
      "react-redux": "^7.2.0",
      "react-router-dom": "^5.2.0",
      "redux": "^4.0.5"
    }
  }

yarn manifest: 
  No manifest

Lockfile: 
  No lockfile
